<?xml version="1.0" encoding="UTF-8"?>
<testng-results ignored="0" total="5" passed="5" failed="0" skipped="0">
  <reporter-output>
  </reporter-output>
  <suite started-at="2022-08-11T14:50:54 IST" name="Default suite" finished-at="2022-08-11T14:50:54 IST" duration-ms="99">
    <groups>
    </groups>
    <test started-at="2022-08-11T14:50:54 IST" name="Default test" finished-at="2022-08-11T14:50:54 IST" duration-ms="99">
      <class name="practice.PractiseTestNg">
        <test-method signature="CreateContact()[pri:0, instance:practice.PractiseTestNg@120f102b]" started-at="2022-08-11T14:50:54 IST" name="CreateContact" finished-at="2022-08-11T14:50:54 IST" duration-ms="11" status="PASS">
          <reporter-output>
          </reporter-output>
        </test-method> <!-- CreateContact -->
        <test-method signature="DeleteContact()[pri:0, instance:practice.PractiseTestNg@120f102b]" started-at="2022-08-11T14:50:54 IST" name="DeleteContact" finished-at="2022-08-11T14:50:54 IST" duration-ms="2" status="PASS">
          <reporter-output>
          </reporter-output>
        </test-method> <!-- DeleteContact -->
        <test-method signature="ModifyContact()[pri:0, instance:practice.PractiseTestNg@120f102b]" started-at="2022-08-11T14:50:54 IST" name="ModifyContact" finished-at="2022-08-11T14:50:54 IST" duration-ms="2" status="PASS">
          <reporter-output>
          </reporter-output>
        </test-method> <!-- ModifyContact -->
        <test-method signature="ModifyContact()[pri:0, instance:practice.PractiseTestNg@120f102b]" started-at="2022-08-11T14:50:54 IST" name="ModifyContact" finished-at="2022-08-11T14:50:54 IST" duration-ms="2" status="PASS">
          <reporter-output>
          </reporter-output>
        </test-method> <!-- ModifyContact -->
        <test-method signature="ModifyContact()[pri:0, instance:practice.PractiseTestNg@120f102b]" started-at="2022-08-11T14:50:54 IST" name="ModifyContact" finished-at="2022-08-11T14:50:54 IST" duration-ms="2" status="PASS">
          <reporter-output>
          </reporter-output>
        </test-method> <!-- ModifyContact -->
      </class> <!-- practice.PractiseTestNg -->
    </test> <!-- Default test -->
  </suite> <!-- Default suite -->
</testng-results>
