<?xml version="1.0" encoding="UTF-8"?>
<testng-results ignored="0" total="1" passed="1" failed="0" skipped="0">
  <reporter-output>
  </reporter-output>
  <suite started-at="2022-08-15T23:30:33 IST" name="Default suite" finished-at="2022-08-15T23:31:17 IST" duration-ms="44102">
    <groups>
      <group name="smokeTest">
        <method signature="CreateCampaignByGenericTest.CreateCampaign()[pri:0, instance:com.crm.Sdet.campaign.CreateCampaignByGenericTest@73e22a3d]" name="CreateCampaign" class="com.crm.Sdet.campaign.CreateCampaignByGenericTest"/>
      </group> <!-- smokeTest -->
    </groups>
    <test started-at="2022-08-15T23:30:33 IST" name="Default test" finished-at="2022-08-15T23:31:17 IST" duration-ms="44102">
      <class name="com.crm.Sdet.campaign.CreateCampaignByGenericTest">
        <test-method is-config="true" signature="BS()[pri:0, instance:com.crm.Sdet.campaign.CreateCampaignByGenericTest@73e22a3d]" started-at="2022-08-15T23:30:33 IST" name="BS" finished-at="2022-08-15T23:30:33 IST" duration-ms="14" status="PASS">
          <reporter-output>
          </reporter-output>
        </test-method> <!-- BS -->
        <test-method is-config="true" signature="BT()[pri:0, instance:com.crm.Sdet.campaign.CreateCampaignByGenericTest@73e22a3d]" started-at="2022-08-15T23:30:33 IST" name="BT" finished-at="2022-08-15T23:30:33 IST" duration-ms="3" status="PASS">
          <reporter-output>
          </reporter-output>
        </test-method> <!-- BT -->
        <test-method is-config="true" signature="BC()[pri:0, instance:com.crm.Sdet.campaign.CreateCampaignByGenericTest@73e22a3d]" started-at="2022-08-15T23:30:33 IST" name="BC" finished-at="2022-08-15T23:30:38 IST" duration-ms="4543" status="PASS">
          <reporter-output>
          </reporter-output>
        </test-method> <!-- BC -->
        <test-method is-config="true" signature="BM()[pri:0, instance:com.crm.Sdet.campaign.CreateCampaignByGenericTest@73e22a3d]" started-at="2022-08-15T23:30:38 IST" name="BM" finished-at="2022-08-15T23:30:52 IST" duration-ms="14161" status="PASS">
          <reporter-output>
          </reporter-output>
        </test-method> <!-- BM -->
        <test-method signature="CreateCampaign()[pri:0, instance:com.crm.Sdet.campaign.CreateCampaignByGenericTest@73e22a3d]" started-at="2022-08-15T23:30:52 IST" name="CreateCampaign" finished-at="2022-08-15T23:31:17 IST" duration-ms="25341" status="PASS">
          <reporter-output>
          </reporter-output>
        </test-method> <!-- CreateCampaign -->
        <test-method is-config="true" signature="AM()[pri:0, instance:com.crm.Sdet.campaign.CreateCampaignByGenericTest@73e22a3d]" started-at="2022-08-15T23:31:17 IST" name="AM" finished-at="2022-08-15T23:31:17 IST" duration-ms="0" status="PASS">
          <reporter-output>
          </reporter-output>
        </test-method> <!-- AM -->
        <test-method is-config="true" signature="AC()[pri:0, instance:com.crm.Sdet.campaign.CreateCampaignByGenericTest@73e22a3d]" started-at="2022-08-15T23:31:17 IST" name="AC" finished-at="2022-08-15T23:31:17 IST" duration-ms="1" status="PASS">
          <reporter-output>
          </reporter-output>
        </test-method> <!-- AC -->
        <test-method is-config="true" signature="AT()[pri:0, instance:com.crm.Sdet.campaign.CreateCampaignByGenericTest@73e22a3d]" started-at="2022-08-15T23:31:17 IST" name="AT" finished-at="2022-08-15T23:31:17 IST" duration-ms="0" status="PASS">
          <reporter-output>
          </reporter-output>
        </test-method> <!-- AT -->
        <test-method is-config="true" signature="AS()[pri:0, instance:com.crm.Sdet.campaign.CreateCampaignByGenericTest@73e22a3d]" started-at="2022-08-15T23:31:17 IST" name="AS" finished-at="2022-08-15T23:31:17 IST" duration-ms="0" status="PASS">
          <reporter-output>
          </reporter-output>
        </test-method> <!-- AS -->
      </class> <!-- com.crm.Sdet.campaign.CreateCampaignByGenericTest -->
    </test> <!-- Default test -->
  </suite> <!-- Default suite -->
</testng-results>
